[debug] [2022-05-30T16:01:11.716Z] ----------------------------------------------------------------------
[debug] [2022-05-30T16:01:11.719Z] Command:       C:\Program Files\nodejs\node.exe C:\Users\ASUS\AppData\Roaming\npm\node_modules\firebase-tools\lib\bin\firebase.js init
[debug] [2022-05-30T16:01:11.720Z] CLI Version:   10.6.0
[debug] [2022-05-30T16:01:11.720Z] Platform:      win32
[debug] [2022-05-30T16:01:11.720Z] Node Version:  v16.13.1
[debug] [2022-05-30T16:01:11.721Z] Time:          Mon May 30 2022 22:01:11 GMT+0600 (Bangladesh Standard Time)
[debug] [2022-05-30T16:01:11.721Z] ----------------------------------------------------------------------
[debug] 
[debug] [2022-05-30T16:01:11.731Z] >>> [apiv2][query] GET https://firebase-public.firebaseio.com/cli.json [none]
[debug] [2022-05-30T16:01:11.829Z] > command requires scopes: ["email","openid","https://www.googleapis.com/auth/cloudplatformprojects.readonly","https://www.googleapis.com/auth/firebase","https://www.googleapis.com/auth/cloud-platform"]
[debug] [2022-05-30T16:01:11.829Z] > authorizing via signed-in user (payeltilak77@gmail.com)
[info] 
     ######## #### ########  ######## ########     ###     ######  ########
     ##        ##  ##     ## ##       ##     ##  ##   ##  ##       ##
     ######    ##  ########  ######   ########  #########  ######  ######
     ##        ##  ##    ##  ##       ##     ## ##     ##       ## ##
     ##       #### ##     ## ######## ########  ##     ##  ######  ########

You're about to initialize a Firebase project in this directory:

  C:\Projects\greenorganic-fruits-vegitable-shop

Before we get started, keep in mind:

  * You are currently outside your home directory
  * You are initializing within an existing Firebase project directory

[debug] [2022-05-30T16:01:12.875Z] <<< [apiv2][status] GET https://firebase-public.firebaseio.com/cli.json 200
[debug] [2022-05-30T16:01:12.876Z] <<< [apiv2][body] GET https://firebase-public.firebaseio.com/cli.json {"cloudBuildErrorAfter":1594252800000,"cloudBuildWarnAfter":1590019200000,"defaultNode10After":1594252800000,"minVersion":"3.0.5","node8DeploysDisabledAfter":1613390400000,"node8RuntimeDisabledAfter":1615809600000,"node8WarnAfter":1600128000000}
